0 info it worked if it ends with ok
1 verbose cli [ 'C:\\Program Files\\nodejs\\\\node.exe',
1 verbose cli   'C:\\Program Files\\nodejs\\node_modules\\npm\\bin\\npm-cli.js',
1 verbose cli   'install' ]
2 info using npm@1.4.14
3 info using node@v0.10.29
4 verbose node symlink C:\Program Files\nodejs\\node.exe
5 verbose readDependencies using package.json deps
6 verbose install where, deps [ 'C:\\Users\\Aghasi\\PhpstormProjects\\mebelsale',
6 verbose install   [ 'bower',
6 verbose install     'grunt',
6 verbose install     'grunt-autoprefixer',
6 verbose install     'grunt-contrib-concat',
6 verbose install     'grunt-contrib-jshint',
6 verbose install     'grunt-contrib-less',
6 verbose install     'grunt-contrib-uglify',
6 verbose install     'grunt-contrib-watch',
6 verbose install     'grunt-modernizr',
6 verbose install     'grunt-wp-assets',
6 verbose install     'load-grunt-tasks',
6 verbose install     'time-grunt' ] ]
7 info preinstall roots@7.0.0
8 verbose readDependencies using package.json deps
9 verbose already installed skipping bower@~1.3.5 C:\Users\Aghasi\PhpstormProjects\mebelsale
10 verbose already installed skipping grunt@~0.4.5 C:\Users\Aghasi\PhpstormProjects\mebelsale
11 verbose already installed skipping grunt-autoprefixer@~0.8.1 C:\Users\Aghasi\PhpstormProjects\mebelsale
12 verbose already installed skipping grunt-contrib-concat@~0.4.0 C:\Users\Aghasi\PhpstormProjects\mebelsale
13 verbose already installed skipping grunt-contrib-jshint@~0.10.0 C:\Users\Aghasi\PhpstormProjects\mebelsale
14 verbose already installed skipping grunt-contrib-less@~0.11.3 C:\Users\Aghasi\PhpstormProjects\mebelsale
15 verbose already installed skipping grunt-contrib-uglify@~0.5.0 C:\Users\Aghasi\PhpstormProjects\mebelsale
16 verbose already installed skipping grunt-contrib-watch@~0.6.1 C:\Users\Aghasi\PhpstormProjects\mebelsale
17 verbose already installed skipping grunt-modernizr@~0.5.2 C:\Users\Aghasi\PhpstormProjects\mebelsale
18 verbose already installed skipping grunt-wp-assets@~0.2.6 C:\Users\Aghasi\PhpstormProjects\mebelsale
19 verbose already installed skipping load-grunt-tasks@~0.6.0 C:\Users\Aghasi\PhpstormProjects\mebelsale
20 verbose already installed skipping time-grunt@~0.3.2 C:\Users\Aghasi\PhpstormProjects\mebelsale
21 silly resolved []
22 info build C:\Users\Aghasi\PhpstormProjects\mebelsale
23 verbose linkStuff [ false, false, false, 'C:\\Users\\Aghasi\\PhpstormProjects' ]
24 info linkStuff roots@7.0.0
25 verbose linkBins roots@7.0.0
26 verbose linkMans roots@7.0.0
27 verbose rebuildBundles roots@7.0.0
28 verbose rebuildBundles [ '.bin',
28 verbose rebuildBundles   'bower',
28 verbose rebuildBundles   'grunt',
28 verbose rebuildBundles   'grunt-autoprefixer',
28 verbose rebuildBundles   'grunt-contrib-concat',
28 verbose rebuildBundles   'grunt-contrib-jshint',
28 verbose rebuildBundles   'grunt-contrib-less',
28 verbose rebuildBundles   'grunt-contrib-uglify',
28 verbose rebuildBundles   'grunt-contrib-watch',
28 verbose rebuildBundles   'grunt-modernizr',
28 verbose rebuildBundles   'grunt-wp-assets',
28 verbose rebuildBundles   'load-grunt-tasks',
28 verbose rebuildBundles   'time-grunt' ]
29 info install roots@7.0.0
30 info postinstall roots@7.0.0
31 verbose unsafe-perm in lifecycle true
32 error Error: spawn ENOENT
32 error     at errnoException (child_process.js:1000:11)
32 error     at Process.ChildProcess._handle.onexit (child_process.js:791:34)
33 error If you need help, you may report this *entire* log,
33 error including the npm and node versions, at:
33 error     <http://github.com/npm/npm/issues>
34 error System Windows_NT 6.1.7601
35 error command "C:\\Program Files\\nodejs\\\\node.exe" "C:\\Program Files\\nodejs\\node_modules\\npm\\bin\\npm-cli.js" "install"
36 error cwd C:\Users\Aghasi\PhpstormProjects\mebelsale
37 error node -v v0.10.29
38 error npm -v 1.4.14
39 error syscall spawn
40 error code ENOENT
41 error errno ENOENT
42 verbose exit [ 1, true ]
